[2015-03-06 11:19:16] myapp.INFO: Matched route "GET_" (parameters: "_controller": "SilexStarter\Controller\HomeController::index", "_route": "GET_") [] []
[2015-03-06 11:19:57] myapp.INFO: Matched route "GET_" (parameters: "_controller": "SilexStarter\Controller\HomeController::index", "_route": "GET_") [] []
[2015-03-06 11:20:36] myapp.INFO: > GET / [] []
[2015-03-06 11:20:36] myapp.CRITICAL: Doctrine\DBAL\Exception\ConnectionException: An exception occured in driver: SQLSTATE[HY000] [1049] Unknown database 'database1' (uncaught exception) at /Users/danielwolf/Projects/php/silex-starter/vendor/doctrine/dbal/lib/Doctrine/DBAL/Driver/AbstractMySQLDriver.php line 103 {"exception":"[object] (Doctrine\\DBAL\\Exception\\ConnectionException(code: 0): An exception occured in driver: SQLSTATE[HY000] [1049] Unknown database 'database1' at /Users/danielwolf/Projects/php/silex-starter/vendor/doctrine/dbal/lib/Doctrine/DBAL/Driver/AbstractMySQLDriver.php:103, Doctrine\\DBAL\\Driver\\PDOException(code: 1049): SQLSTATE[HY000] [1049] Unknown database 'database1' at /Users/danielwolf/Projects/php/silex-starter/vendor/doctrine/dbal/lib/Doctrine/DBAL/Driver/PDOConnection.php:47, PDOException(code: 1049): SQLSTATE[HY000] [1049] Unknown database 'database1' at /Users/danielwolf/Projects/php/silex-starter/vendor/doctrine/dbal/lib/Doctrine/DBAL/Driver/PDOConnection.php:43)"} []
[2015-03-06 11:20:38] myapp.INFO: Matched route "GET_" (parameters: "_controller": "SilexStarter\Controller\HomeController::index", "_route": "GET_") [] []
[2015-03-06 11:21:09] myapp.INFO: > GET / [] []
[2015-03-06 11:21:09] myapp.CRITICAL: Doctrine\DBAL\Exception\ConnectionException: An exception occured in driver: SQLSTATE[HY000] [1049] Unknown database 'database1' (uncaught exception) at /Users/danielwolf/Projects/php/silex-starter/vendor/doctrine/dbal/lib/Doctrine/DBAL/Driver/AbstractMySQLDriver.php line 103 {"exception":"[object] (Doctrine\\DBAL\\Exception\\ConnectionException(code: 0): An exception occured in driver: SQLSTATE[HY000] [1049] Unknown database 'database1' at /Users/danielwolf/Projects/php/silex-starter/vendor/doctrine/dbal/lib/Doctrine/DBAL/Driver/AbstractMySQLDriver.php:103, Doctrine\\DBAL\\Driver\\PDOException(code: 1049): SQLSTATE[HY000] [1049] Unknown database 'database1' at /Users/danielwolf/Projects/php/silex-starter/vendor/doctrine/dbal/lib/Doctrine/DBAL/Driver/PDOConnection.php:47, PDOException(code: 1049): SQLSTATE[HY000] [1049] Unknown database 'database1' at /Users/danielwolf/Projects/php/silex-starter/vendor/doctrine/dbal/lib/Doctrine/DBAL/Driver/PDOConnection.php:43)"} []
[2015-03-06 11:21:09] myapp.INFO: Matched route "GET_" (parameters: "_controller": "SilexStarter\Controller\HomeController::index", "_route": "GET_") [] []
[2015-03-06 11:21:10] myapp.INFO: > GET / [] []
[2015-03-06 11:21:10] myapp.CRITICAL: Doctrine\DBAL\Exception\ConnectionException: An exception occured in driver: SQLSTATE[HY000] [1049] Unknown database 'database1' (uncaught exception) at /Users/danielwolf/Projects/php/silex-starter/vendor/doctrine/dbal/lib/Doctrine/DBAL/Driver/AbstractMySQLDriver.php line 103 {"exception":"[object] (Doctrine\\DBAL\\Exception\\ConnectionException(code: 0): An exception occured in driver: SQLSTATE[HY000] [1049] Unknown database 'database1' at /Users/danielwolf/Projects/php/silex-starter/vendor/doctrine/dbal/lib/Doctrine/DBAL/Driver/AbstractMySQLDriver.php:103, Doctrine\\DBAL\\Driver\\PDOException(code: 1049): SQLSTATE[HY000] [1049] Unknown database 'database1' at /Users/danielwolf/Projects/php/silex-starter/vendor/doctrine/dbal/lib/Doctrine/DBAL/Driver/PDOConnection.php:47, PDOException(code: 1049): SQLSTATE[HY000] [1049] Unknown database 'database1' at /Users/danielwolf/Projects/php/silex-starter/vendor/doctrine/dbal/lib/Doctrine/DBAL/Driver/PDOConnection.php:43)"} []
[2015-03-06 11:21:10] myapp.INFO: < 500 [] []
[2015-03-06 11:34:28] myapp.INFO: Matched route "GET_" (parameters: "_controller": "SilexStarter\Controller\HomeController::index", "_route": "GET_") [] []
[2015-03-06 11:34:28] myapp.CRITICAL: SilexStarter\Exception\RequiresAuthenticationException:  (uncaught exception) at /Users/danielwolf/Projects/php/silex-starter/app/app.php line 25 {"exception":"[object] (SilexStarter\\Exception\\RequiresAuthenticationException(code: 0):  at /Users/danielwolf/Projects/php/silex-starter/app/app.php:25)"} []
[2015-03-06 11:34:28] myapp.INFO: < 500 [] []
[2015-03-06 11:34:40] myapp.INFO: Matched route "GET_" (parameters: "_controller": "SilexStarter\Controller\HomeController::index", "_route": "GET_") [] []
[2015-03-06 11:37:42] myapp.INFO: > GET / [] []
[2015-03-06 11:37:42] myapp.INFO: < 200 [] []
[2015-03-06 11:37:45] myapp.INFO: Matched route "GET_" (parameters: "_controller": "SilexStarter\Controller\HomeController::index", "_route": "GET_") [] []
[2015-03-06 11:37:45] myapp.CRITICAL: Doctrine\DBAL\Query\QueryException: The given alias 'tokens' is not part of any FROM or JOIN clause table. The currently registered aliases are: u. (uncaught exception) at /Users/danielwolf/Projects/php/silex-starter/vendor/doctrine/dbal/lib/Doctrine/DBAL/Query/QueryException.php line 37 {"exception":"[object] (Doctrine\\DBAL\\Query\\QueryException(code: 0): The given alias 'tokens' is not part of any FROM or JOIN clause table. The currently registered aliases are: u. at /Users/danielwolf/Projects/php/silex-starter/vendor/doctrine/dbal/lib/Doctrine/DBAL/Query/QueryException.php:37)"} []
[2015-03-06 11:37:45] myapp.INFO: < 500 [] []
[2015-03-06 11:38:25] myapp.INFO: Matched route "GET_" (parameters: "_controller": "SilexStarter\Controller\HomeController::index", "_route": "GET_") [] []
[2015-03-06 11:38:25] myapp.CRITICAL: Doctrine\DBAL\Query\QueryException: The given alias 'u.Token' is not part of any FROM or JOIN clause table. The currently registered aliases are: u. (uncaught exception) at /Users/danielwolf/Projects/php/silex-starter/vendor/doctrine/dbal/lib/Doctrine/DBAL/Query/QueryException.php line 37 {"exception":"[object] (Doctrine\\DBAL\\Query\\QueryException(code: 0): The given alias 'u.Token' is not part of any FROM or JOIN clause table. The currently registered aliases are: u. at /Users/danielwolf/Projects/php/silex-starter/vendor/doctrine/dbal/lib/Doctrine/DBAL/Query/QueryException.php:37)"} []
[2015-03-06 11:38:25] myapp.INFO: < 500 [] []
[2015-03-06 11:38:31] myapp.INFO: Matched route "GET_" (parameters: "_controller": "SilexStarter\Controller\HomeController::index", "_route": "GET_") [] []
[2015-03-06 11:38:31] myapp.CRITICAL: Doctrine\DBAL\Exception\SyntaxErrorException: An exception occurred while executing 'SELECT id, email, created FROM users u INNER JOIN t WITH ON t.user_id = u.user_id WHERE t.token = ?' with params ["asdf"]:  SQLSTATE[42000]: Syntax error or access violation: 1064 You have an error in your SQL syntax; check the manual that corresponds to your MySQL server version for the right syntax to use near 'ON t.user_id = u.user_id WHERE t.token = 'asdf'' at line 1 (uncaught exception) at /Users/danielwolf/Projects/php/silex-starter/vendor/doctrine/dbal/lib/Doctrine/DBAL/Driver/AbstractMySQLDriver.php line 90 {"exception":"[object] (Doctrine\\DBAL\\Exception\\SyntaxErrorException(code: 0): An exception occurred while executing 'SELECT id, email, created FROM users u INNER JOIN t WITH ON t.user_id = u.user_id WHERE t.token = ?' with params [\"asdf\"]:\n\nSQLSTATE[42000]: Syntax error or access violation: 1064 You have an error in your SQL syntax; check the manual that corresponds to your MySQL server version for the right syntax to use near 'ON t.user_id = u.user_id WHERE t.token = 'asdf'' at line 1 at /Users/danielwolf/Projects/php/silex-starter/vendor/doctrine/dbal/lib/Doctrine/DBAL/Driver/AbstractMySQLDriver.php:90, Doctrine\\DBAL\\Driver\\PDOException(code: 42000): SQLSTATE[42000]: Syntax error or access violation: 1064 You have an error in your SQL syntax; check the manual that corresponds to your MySQL server version for the right syntax to use near 'ON t.user_id = u.user_id WHERE t.token = 'asdf'' at line 1 at /Users/danielwolf/Projects/php/silex-starter/vendor/doctrine/dbal/lib/Doctrine/DBAL/Driver/PDOStatement.php:93, PDOException(code: 42000): SQLSTATE[42000]: Syntax error or access violation: 1064 You have an error in your SQL syntax; check the manual that corresponds to your MySQL server version for the right syntax to use near 'ON t.user_id = u.user_id WHERE t.token = 'asdf'' at line 1 at /Users/danielwolf/Projects/php/silex-starter/vendor/doctrine/dbal/lib/Doctrine/DBAL/Driver/PDOStatement.php:91)"} []
[2015-03-06 11:38:31] myapp.INFO: < 500 [] []
[2015-03-06 11:38:46] myapp.INFO: Matched route "GET_" (parameters: "_controller": "SilexStarter\Controller\HomeController::index", "_route": "GET_") [] []
[2015-03-06 11:38:46] myapp.CRITICAL: Doctrine\DBAL\Exception\SyntaxErrorException: An exception occurred while executing 'SELECT id, email, created FROM users u INNER JOIN tokens t WITH ON t.user_id = u.user_id WHERE t.token = ?' with params ["asdf"]:  SQLSTATE[42000]: Syntax error or access violation: 1064 You have an error in your SQL syntax; check the manual that corresponds to your MySQL server version for the right syntax to use near 'ON t.user_id = u.user_id WHERE t.token = 'asdf'' at line 1 (uncaught exception) at /Users/danielwolf/Projects/php/silex-starter/vendor/doctrine/dbal/lib/Doctrine/DBAL/Driver/AbstractMySQLDriver.php line 90 {"exception":"[object] (Doctrine\\DBAL\\Exception\\SyntaxErrorException(code: 0): An exception occurred while executing 'SELECT id, email, created FROM users u INNER JOIN tokens t WITH ON t.user_id = u.user_id WHERE t.token = ?' with params [\"asdf\"]:\n\nSQLSTATE[42000]: Syntax error or access violation: 1064 You have an error in your SQL syntax; check the manual that corresponds to your MySQL server version for the right syntax to use near 'ON t.user_id = u.user_id WHERE t.token = 'asdf'' at line 1 at /Users/danielwolf/Projects/php/silex-starter/vendor/doctrine/dbal/lib/Doctrine/DBAL/Driver/AbstractMySQLDriver.php:90, Doctrine\\DBAL\\Driver\\PDOException(code: 42000): SQLSTATE[42000]: Syntax error or access violation: 1064 You have an error in your SQL syntax; check the manual that corresponds to your MySQL server version for the right syntax to use near 'ON t.user_id = u.user_id WHERE t.token = 'asdf'' at line 1 at /Users/danielwolf/Projects/php/silex-starter/vendor/doctrine/dbal/lib/Doctrine/DBAL/Driver/PDOStatement.php:93, PDOException(code: 42000): SQLSTATE[42000]: Syntax error or access violation: 1064 You have an error in your SQL syntax; check the manual that corresponds to your MySQL server version for the right syntax to use near 'ON t.user_id = u.user_id WHERE t.token = 'asdf'' at line 1 at /Users/danielwolf/Projects/php/silex-starter/vendor/doctrine/dbal/lib/Doctrine/DBAL/Driver/PDOStatement.php:91)"} []
[2015-03-06 11:38:46] myapp.INFO: < 500 [] []
[2015-03-06 11:38:57] myapp.INFO: Matched route "GET_" (parameters: "_controller": "SilexStarter\Controller\HomeController::index", "_route": "GET_") [] []
[2015-03-06 11:38:57] myapp.CRITICAL: Doctrine\DBAL\Exception\NonUniqueFieldNameException: An exception occurred while executing 'SELECT id, email, created FROM users u INNER JOIN tokens t  ON t.user_id = u.user_id WHERE t.token = ?' with params ["asdf"]:  SQLSTATE[23000]: Integrity constraint violation: 1052 Column 'id' in field list is ambiguous (uncaught exception) at /Users/danielwolf/Projects/php/silex-starter/vendor/doctrine/dbal/lib/Doctrine/DBAL/Driver/AbstractMySQLDriver.php line 76 {"exception":"[object] (Doctrine\\DBAL\\Exception\\NonUniqueFieldNameException(code: 0): An exception occurred while executing 'SELECT id, email, created FROM users u INNER JOIN tokens t  ON t.user_id = u.user_id WHERE t.token = ?' with params [\"asdf\"]:\n\nSQLSTATE[23000]: Integrity constraint violation: 1052 Column 'id' in field list is ambiguous at /Users/danielwolf/Projects/php/silex-starter/vendor/doctrine/dbal/lib/Doctrine/DBAL/Driver/AbstractMySQLDriver.php:76, Doctrine\\DBAL\\Driver\\PDOException(code: 23000): SQLSTATE[23000]: Integrity constraint violation: 1052 Column 'id' in field list is ambiguous at /Users/danielwolf/Projects/php/silex-starter/vendor/doctrine/dbal/lib/Doctrine/DBAL/Driver/PDOStatement.php:93, PDOException(code: 23000): SQLSTATE[23000]: Integrity constraint violation: 1052 Column 'id' in field list is ambiguous at /Users/danielwolf/Projects/php/silex-starter/vendor/doctrine/dbal/lib/Doctrine/DBAL/Driver/PDOStatement.php:91)"} []
[2015-03-06 11:38:57] myapp.INFO: < 500 [] []
[2015-03-06 11:39:23] myapp.INFO: Matched route "GET_" (parameters: "_controller": "SilexStarter\Controller\HomeController::index", "_route": "GET_") [] []
[2015-03-06 11:39:23] myapp.CRITICAL: Doctrine\DBAL\Exception\InvalidFieldNameException: An exception occurred while executing 'SELECT u.id, u.email, t.token, u.created FROM users u INNER JOIN tokens t  ON t.user_id = u.user_id WHERE t.token = ?' with params ["asdf"]:  SQLSTATE[42S22]: Column not found: 1054 Unknown column 'u.user_id' in 'on clause' (uncaught exception) at /Users/danielwolf/Projects/php/silex-starter/vendor/doctrine/dbal/lib/Doctrine/DBAL/Driver/AbstractMySQLDriver.php line 71 {"exception":"[object] (Doctrine\\DBAL\\Exception\\InvalidFieldNameException(code: 0): An exception occurred while executing 'SELECT u.id, u.email, t.token, u.created FROM users u INNER JOIN tokens t  ON t.user_id = u.user_id WHERE t.token = ?' with params [\"asdf\"]:\n\nSQLSTATE[42S22]: Column not found: 1054 Unknown column 'u.user_id' in 'on clause' at /Users/danielwolf/Projects/php/silex-starter/vendor/doctrine/dbal/lib/Doctrine/DBAL/Driver/AbstractMySQLDriver.php:71, Doctrine\\DBAL\\Driver\\PDOException(code: 42S22): SQLSTATE[42S22]: Column not found: 1054 Unknown column 'u.user_id' in 'on clause' at /Users/danielwolf/Projects/php/silex-starter/vendor/doctrine/dbal/lib/Doctrine/DBAL/Driver/PDOStatement.php:93, PDOException(code: 42S22): SQLSTATE[42S22]: Column not found: 1054 Unknown column 'u.user_id' in 'on clause' at /Users/danielwolf/Projects/php/silex-starter/vendor/doctrine/dbal/lib/Doctrine/DBAL/Driver/PDOStatement.php:91)"} []
[2015-03-06 11:39:23] myapp.INFO: < 500 [] []
[2015-03-06 11:39:44] myapp.INFO: Matched route "GET_" (parameters: "_controller": "SilexStarter\Controller\HomeController::index", "_route": "GET_") [] []
[2015-03-06 11:41:27] myapp.INFO: > GET / [] []
[2015-03-06 11:41:27] myapp.INFO: < 200 [] []
[2015-03-06 11:41:44] myapp.INFO: Matched route "GET_" (parameters: "_controller": "SilexStarter\Controller\HomeController::index", "_route": "GET_") [] []
[2015-03-06 11:41:44] myapp.CRITICAL: SilexStarter\Exception\RequiresAuthenticationException:  (uncaught exception) at /Users/danielwolf/Projects/php/silex-starter/app/app.php line 28 {"exception":"[object] (SilexStarter\\Exception\\RequiresAuthenticationException(code: 0):  at /Users/danielwolf/Projects/php/silex-starter/app/app.php:28)"} []
[2015-03-06 11:41:44] myapp.INFO: < 500 [] []
[2015-03-06 11:44:38] myapp.INFO: Matched route "GET_" (parameters: "_controller": "SilexStarter\Controller\HomeController::index", "_route": "GET_") [] []
[2015-03-06 11:44:38] myapp.CRITICAL: SilexStarter\Exception\RequiresAuthenticationException:  (uncaught exception) at /Users/danielwolf/Projects/php/silex-starter/app/app.php line 28 {"exception":"[object] (SilexStarter\\Exception\\RequiresAuthenticationException(code: 0):  at /Users/danielwolf/Projects/php/silex-starter/app/app.php:28)"} []
[2015-03-06 11:44:38] myapp.INFO: < 500 [] []
[2015-03-06 11:46:53] myapp.INFO: Matched route "GET_" (parameters: "_controller": "SilexStarter\Controller\HomeController::index", "_route": "GET_") [] []
[2015-03-06 11:46:53] myapp.CRITICAL: SilexStarter\Exception\RequiresAuthenticationException: Invalid Auth Token (uncaught exception) at /Users/danielwolf/Projects/php/silex-starter/app/app.php line 31 {"exception":"[object] (SilexStarter\\Exception\\RequiresAuthenticationException(code: 0): Invalid Auth Token at /Users/danielwolf/Projects/php/silex-starter/app/app.php:31)"} []
[2015-03-06 11:46:53] myapp.INFO: < 500 [] []
[2015-03-06 11:49:15] myapp.INFO: Matched route "GET_" (parameters: "_controller": "SilexStarter\Controller\HomeController::index", "_route": "GET_") [] []
[2015-03-06 11:49:15] myapp.CRITICAL: SilexStarter\Exception\RequiresAuthenticationException: Invalid Auth Token (uncaught exception) at /Users/danielwolf/Projects/php/silex-starter/app/app.php line 34 {"exception":"[object] (SilexStarter\\Exception\\RequiresAuthenticationException(code: 0): Invalid Auth Token at /Users/danielwolf/Projects/php/silex-starter/app/app.php:34)"} []
[2015-03-06 11:49:15] myapp.INFO: < 500 [] []
[2015-03-06 11:49:32] myapp.INFO: Matched route "GET_" (parameters: "_controller": "SilexStarter\Controller\HomeController::index", "_route": "GET_") [] []
[2015-03-06 11:49:32] myapp.CRITICAL: SilexStarter\Exception\RequiresAuthenticationException: Invalid Auth Token (uncaught exception) at /Users/danielwolf/Projects/php/silex-starter/app/app.php line 34 {"exception":"[object] (SilexStarter\\Exception\\RequiresAuthenticationException(code: 0): Invalid Auth Token at /Users/danielwolf/Projects/php/silex-starter/app/app.php:34)"} []
[2015-03-06 11:49:32] myapp.INFO: < 500 [] []
[2015-03-06 11:49:34] myapp.INFO: Matched route "GET_" (parameters: "_controller": "SilexStarter\Controller\HomeController::index", "_route": "GET_") [] []
[2015-03-06 11:49:34] myapp.INFO: > GET / [] []
[2015-03-06 11:49:34] myapp.INFO: < 200 [] []
[2015-03-06 11:51:58] myapp.INFO: Matched route "GET_" (parameters: "_controller": "SilexStarter\Controller\HomeController::index", "_route": "GET_") [] []
[2015-03-06 11:53:49] myapp.INFO: Matched route "GET_" (parameters: "_controller": "SilexStarter\Controller\HomeController::index", "_route": "GET_") [] []
[2015-03-06 11:53:49] myapp.INFO: > GET / [] []
[2015-03-06 11:53:49] myapp.INFO: < 200 [] []
[2015-03-06 11:57:14] myapp.INFO: Matched route "GET_" (parameters: "_controller": "SilexStarter\Controller\HomeController::index", "_route": "GET_") [] []
[2015-03-06 11:57:14] myapp.INFO: > GET / [] []
[2015-03-06 11:57:14] myapp.INFO: < 200 [] []
[2015-03-06 11:57:27] myapp.INFO: Matched route "GET_" (parameters: "_controller": "SilexStarter\Controller\HomeController::index", "_route": "GET_") [] []
[2015-03-06 11:57:27] myapp.INFO: > GET / [] []
[2015-03-06 11:57:27] myapp.INFO: < 200 [] []
[2015-03-06 11:58:00] myapp.INFO: Matched route "GET_" (parameters: "_controller": "SilexStarter\Controller\HomeController::index", "_route": "GET_") [] []
[2015-03-06 11:58:00] myapp.INFO: > GET / [] []
[2015-03-06 11:58:00] myapp.INFO: < 200 [] []
[2015-03-06 11:58:03] myapp.INFO: Matched route "GET_" (parameters: "_controller": "SilexStarter\Controller\HomeController::index", "_route": "GET_") [] []
[2015-03-06 11:58:03] myapp.INFO: > GET / [] []
[2015-03-06 11:58:03] myapp.INFO: < 200 [] []
[2015-03-06 11:58:04] myapp.INFO: Matched route "GET_" (parameters: "_controller": "SilexStarter\Controller\HomeController::index", "_route": "GET_") [] []
[2015-03-06 11:58:04] myapp.INFO: > GET / [] []
[2015-03-06 11:58:04] myapp.INFO: < 200 [] []
[2015-03-06 11:58:05] myapp.INFO: Matched route "GET_" (parameters: "_controller": "SilexStarter\Controller\HomeController::index", "_route": "GET_") [] []
[2015-03-06 11:58:05] myapp.INFO: > GET / [] []
[2015-03-06 11:58:05] myapp.INFO: < 200 [] []
[2015-03-06 11:58:06] myapp.INFO: Matched route "GET_" (parameters: "_controller": "SilexStarter\Controller\HomeController::index", "_route": "GET_") [] []
[2015-03-06 11:58:06] myapp.INFO: > GET / [] []
[2015-03-06 11:58:06] myapp.INFO: < 200 [] []
